c:\Python312\Lib\site-packages\tqdm\auto.py:21: TqdmWarning: IProgress not found. Please update jupyter and ipywidgets. See https://ipywidgets.readthedocs.io/en/stable/user_install.html
  from .autonotebook import tqdm as notebook_tqdm
[I 2025-01-25 22:46:19,254] A new study created in memory with name: no-name-e159f6f3-6db0-4996-b2aa-639d65db5599
C:\Users\Pratik\AppData\Local\Temp\ipykernel_9312\617576488.py:157: FutureWarning: suggest_loguniform has been deprecated in v3.0.0. This feature will be removed in v6.0.0. See https://github.com/optuna/optuna/releases/tag/v3.0.0. Use suggest_float(..., log=True) instead.
  lr = trial.suggest_loguniform('lr', 1e-5, 1e-2)
C:\Users\Pratik\AppData\Local\Temp\ipykernel_9312\617576488.py:158: FutureWarning: suggest_uniform has been deprecated in v3.0.0. This feature will be removed in v6.0.0. See https://github.com/optuna/optuna/releases/tag/v3.0.0. Use suggest_float instead.
  gamma = trial.suggest_uniform('gamma', 0.9, 0.999)
C:\Users\Pratik\AppData\Local\Temp\ipykernel_9312\617576488.py:159: FutureWarning: suggest_uniform has been deprecated in v3.0.0. This feature will be removed in v6.0.0. See https://github.com/optuna/optuna/releases/tag/v3.0.0. Use suggest_float instead.
  epsilon_decay = trial.suggest_uniform('epsilon_decay', 0.9, 0.9999)
C:\Users\Pratik\AppData\Local\Temp\ipykernel_9312\617576488.py:134: UserWarning: Creating a tensor from a list of numpy.ndarrays is extremely slow. Please consider converting the list to a single numpy.ndarray with numpy.array() before converting to a tensor. (Triggered internally at C:\actions-runner\_work\pytorch\pytorch\builder\windows\pytorch\torch\csrc\utils\tensor_new.cpp:281.)
  states = torch.FloatTensor(states)
[I 2025-01-25 22:46:24,017] Trial 0 finished with value: 0.09 and parameters: {'lr': 5.0162296981949915e-05, 'gamma': 0.9165498858772388, 'epsilon_decay': 0.9292892272301145, 'batch_size': 63, 'buffer_capacity': 10215}. Best is trial 0 with value: 0.09.
C:\Users\Pratik\AppData\Local\Temp\ipykernel_9312\617576488.py:157: FutureWarning: suggest_loguniform has been deprecated in v3.0.0. This feature will be removed in v6.0.0. See https://github.com/optuna/optuna/releases/tag/v3.0.0. Use suggest_float(..., log=True) instead.
  lr = trial.suggest_loguniform('lr', 1e-5, 1e-2)
C:\Users\Pratik\AppData\Local\Temp\ipykernel_9312\617576488.py:158: FutureWarning: suggest_uniform has been deprecated in v3.0.0. This feature will be removed in v6.0.0. See https://github.com/optuna/optuna/releases/tag/v3.0.0. Use suggest_float instead.
  gamma = trial.suggest_uniform('gamma', 0.9, 0.999)
C:\Users\Pratik\AppData\Local\Temp\ipykernel_9312\617576488.py:159: FutureWarning: suggest_uniform has been deprecated in v3.0.0. This feature will be removed in v6.0.0. See https://github.com/optuna/optuna/releases/tag/v3.0.0. Use suggest_float instead.
  epsilon_decay = trial.suggest_uniform('epsilon_decay', 0.9, 0.9999)
[I 2025-01-25 22:47:06,851] Trial 1 finished with value: 1.08 and parameters: {'lr': 0.003099764074656719, 'gamma': 0.9123681398590742, 'epsilon_decay': 0.9566471552465944, 'batch_size': 56, 'buffer_capacity': 5115}. Best is trial 1 with value: 1.08.
[I 2025-01-25 22:47:58,176] Trial 2 finished with value: 2.08 and parameters: {'lr': 0.00028860606363554064, 'gamma': 0.9022349994862776, 'epsilon_decay': 0.9347751300037986, 'batch_size': 122, 'buffer_capacity': 12659}. Best is trial 2 with value: 2.08.
[I 2025-01-25 22:48:45,956] Trial 3 finished with value: 0.98 and parameters: {'lr': 0.0035481147463515147, 'gamma': 0.9452252658621607, 'epsilon_decay': 0.9151551446691308, 'batch_size': 87, 'buffer_capacity': 14455}. Best is trial 2 with value: 2.08.
[I 2025-01-25 22:49:01,911] Trial 4 finished with value: 0.15 and parameters: {'lr': 0.0022924554921449035, 'gamma': 0.9669720434080661, 'epsilon_decay': 0.9907698848853227, 'batch_size': 92, 'buffer_capacity': 11710}. Best is trial 2 with value: 2.08.
[I 2025-01-25 22:49:43,849] Trial 5 finished with value: 3.04 and parameters: {'lr': 0.0008679540595402045, 'gamma': 0.9066546471630402, 'epsilon_decay': 0.900737224663579, 'batch_size': 32, 'buffer_capacity': 11674}. Best is trial 5 with value: 3.04.
[I 2025-01-25 22:50:39,931] Trial 6 finished with value: 0.89 and parameters: {'lr': 0.0014276849000406518, 'gamma': 0.9366581820733363, 'epsilon_decay': 0.906233939151153, 'batch_size': 90, 'buffer_capacity': 7564}. Best is trial 5 with value: 3.04.
[I 2025-01-25 22:50:43,249] Trial 7 finished with value: 0.09 and parameters: {'lr': 1.685356456482484e-05, 'gamma': 0.9933831166260386, 'epsilon_decay': 0.926099849059883, 'batch_size': 80, 'buffer_capacity': 5956}. Best is trial 5 with value: 3.04.
[I 2025-01-25 22:51:29,245] Trial 8 finished with value: 2.93 and parameters: {'lr': 0.0003035639781823959, 'gamma': 0.9672534908845406, 'epsilon_decay': 0.9531723006508857, 'batch_size': 47, 'buffer_capacity': 10083}. Best is trial 5 with value: 3.04.
[I 2025-01-25 22:52:17,500] Trial 9 finished with value: 1.75 and parameters: {'lr': 0.0006363279145192933, 'gamma': 0.9396200420574216, 'epsilon_decay': 0.9309565475712143, 'batch_size': 64, 'buffer_capacity': 19116}. Best is trial 5 with value: 3.04.
[I 2025-01-25 22:52:21,227] Trial 10 finished with value: 0.15 and parameters: {'lr': 6.699044419764123e-05, 'gamma': 0.9196225293192513, 'epsilon_decay': 0.9768559212758104, 'batch_size': 41, 'buffer_capacity': 16411}. Best is trial 5 with value: 3.04.
[I 2025-01-25 22:53:04,901] Trial 11 finished with value: 2.14 and parameters: {'lr': 0.000336711784937584, 'gamma': 0.9672268291479562, 'epsilon_decay': 0.9540921720969088, 'batch_size': 35, 'buffer_capacity': 9354}. Best is trial 5 with value: 3.04.
[I 2025-01-25 22:53:18,425] Trial 12 finished with value: 1.49 and parameters: {'lr': 0.00014816240102863068, 'gamma': 0.9669414967900786, 'epsilon_decay': 0.9671555542620759, 'batch_size': 48, 'buffer_capacity': 13954}. Best is trial 5 with value: 3.04.
[I 2025-01-25 22:53:59,893] Trial 13 finished with value: 1.62 and parameters: {'lr': 0.0009055996507019978, 'gamma': 0.9894256992119559, 'epsilon_decay': 0.9438057590373882, 'batch_size': 33, 'buffer_capacity': 8953}. Best is trial 5 with value: 3.04.
[I 2025-01-25 22:54:44,538] Trial 14 finished with value: 1.12 and parameters: {'lr': 0.009339032123118127, 'gamma': 0.9577729359209995, 'epsilon_decay': 0.9023089022501918, 'batch_size': 53, 'buffer_capacity': 11531}. Best is trial 5 with value: 3.04.
[I 2025-01-25 22:54:56,603] Trial 15 finished with value: 2.74 and parameters: {'lr': 0.00014545483094513078, 'gamma': 0.9801455046958609, 'epsilon_decay': 0.972596535352715, 'batch_size': 71, 'buffer_capacity': 16363}. Best is trial 5 with value: 3.04.
[I 2025-01-25 22:55:03,579] Trial 16 finished with value: 0.21 and parameters: {'lr': 0.00043949485993420784, 'gamma': 0.9258795907686027, 'epsilon_decay': 0.9987947823946647, 'batch_size': 108, 'buffer_capacity': 7550}. Best is trial 5 with value: 3.04.
[I 2025-01-25 22:55:34,955] Trial 17 finished with value: 2.54 and parameters: {'lr': 0.00014298881635676738, 'gamma': 0.9306915589799187, 'epsilon_decay': 0.9452932450024719, 'batch_size': 45, 'buffer_capacity': 10876}. Best is trial 5 with value: 3.04.
[I 2025-01-25 22:55:41,181] Trial 18 finished with value: 0.09 and parameters: {'lr': 1.7115149281948566e-05, 'gamma': 0.9548014125489678, 'epsilon_decay': 0.9182841888785507, 'batch_size': 32, 'buffer_capacity': 13270}. Best is trial 5 with value: 3.04.
[I 2025-01-25 22:56:52,018] Trial 19 finished with value: 1.21 and parameters: {'lr': 0.009895512716007075, 'gamma': 0.977362687389991, 'epsilon_decay': 0.9603716574249542, 'batch_size': 72, 'buffer_capacity': 7776}. Best is trial 5 with value: 3.04.
[I 2025-01-25 22:57:31,190] Trial 20 finished with value: 1.62 and parameters: {'lr': 0.0011796050161541958, 'gamma': 0.9003327436265067, 'epsilon_decay': 0.9838080481345679, 'batch_size': 44, 'buffer_capacity': 15320}. Best is trial 5 with value: 3.04.
[I 2025-01-25 22:57:40,571] Trial 21 finished with value: 0.57 and parameters: {'lr': 0.00013006990012809884, 'gamma': 0.981857266271784, 'epsilon_decay': 0.9748280681727217, 'batch_size': 61, 'buffer_capacity': 17669}. Best is trial 5 with value: 3.04.
[I 2025-01-25 22:58:18,055] Trial 22 finished with value: 2.84 and parameters: {'lr': 0.0002408792265066279, 'gamma': 0.9783967727962821, 'epsilon_decay': 0.9686887010251937, 'batch_size': 72, 'buffer_capacity': 16339}. Best is trial 5 with value: 3.04.
[I 2025-01-25 22:58:59,916] Trial 23 finished with value: 2.0 and parameters: {'lr': 0.0003060272619031138, 'gamma': 0.9597456330239984, 'epsilon_decay': 0.9392493768688451, 'batch_size': 104, 'buffer_capacity': 19702}. Best is trial 5 with value: 3.04.
[I 2025-01-25 22:59:03,907] Trial 24 finished with value: 0.12 and parameters: {'lr': 5.1127081465549727e-05, 'gamma': 0.9747926356622291, 'epsilon_decay': 0.963648473994822, 'batch_size': 54, 'buffer_capacity': 9844}. Best is trial 5 with value: 3.04.
[I 2025-01-25 22:59:55,426] Trial 25 finished with value: 2.31 and parameters: {'lr': 0.0007650167995395486, 'gamma': 0.9880693015931296, 'epsilon_decay': 0.9449474896740915, 'batch_size': 40, 'buffer_capacity': 12081}. Best is trial 5 with value: 3.04.
[I 2025-01-25 23:00:56,216] Trial 26 finished with value: 2.02 and parameters: {'lr': 0.0005106777050748681, 'gamma': 0.9489140075798759, 'epsilon_decay': 0.9537270341945147, 'batch_size': 76, 'buffer_capacity': 18109}. Best is trial 5 with value: 3.04.
[I 2025-01-25 23:01:07,957] Trial 27 finished with value: 0.98 and parameters: {'lr': 0.00021572020508946193, 'gamma': 0.9963629025007681, 'epsilon_decay': 0.9834392902515103, 'batch_size': 49, 'buffer_capacity': 15164}. Best is trial 5 with value: 3.04.
[I 2025-01-25 23:01:12,817] Trial 28 finished with value: 0.09 and parameters: {'lr': 8.117466160198105e-05, 'gamma': 0.9702904407439763, 'epsilon_decay': 0.9666038358213607, 'batch_size': 99, 'buffer_capacity': 13084}. Best is trial 5 with value: 3.04.
[I 2025-01-25 23:02:30,349] Trial 29 finished with value: 4.13 and parameters: {'lr': 0.0017186541737939157, 'gamma': 0.9086067604849463, 'epsilon_decay': 0.9235140363948833, 'batch_size': 65, 'buffer_capacity': 10629}. Best is trial 29 with value: 4.13.
[I 2025-01-25 23:03:11,978] Trial 30 finished with value: 1.01 and parameters: {'lr': 0.005445781683821984, 'gamma': 0.9089178891474896, 'epsilon_decay': 0.9120325758692527, 'batch_size': 63, 'buffer_capacity': 10680}. Best is trial 29 with value: 4.13.
[I 2025-01-25 23:04:02,816] Trial 31 finished with value: 2.09 and parameters: {'lr': 0.0016590748571466887, 'gamma': 0.9193394140935124, 'epsilon_decay': 0.9241232973684654, 'batch_size': 60, 'buffer_capacity': 9032}. Best is trial 29 with value: 4.13.
[I 2025-01-25 23:04:50,843] Trial 32 finished with value: 1.64 and parameters: {'lr': 0.0009053758548367564, 'gamma': 0.910749754216912, 'epsilon_decay': 0.9086930318388508, 'batch_size': 68, 'buffer_capacity': 10431}. Best is trial 29 with value: 4.13.
[I 2025-01-25 23:05:47,380] Trial 33 finished with value: 1.22 and parameters: {'lr': 0.0023776903547753077, 'gamma': 0.9045769248578799, 'epsilon_decay': 0.9207643956038135, 'batch_size': 39, 'buffer_capacity': 8229}. Best is trial 29 with value: 4.13.
[I 2025-01-25 23:06:40,327] Trial 34 finished with value: 2.97 and parameters: {'lr': 0.00023184773361962797, 'gamma': 0.9242187598182264, 'epsilon_decay': 0.9004978141504675, 'batch_size': 84, 'buffer_capacity': 11047}. Best is trial 29 with value: 4.13.
[I 2025-01-25 23:07:29,851] Trial 35 finished with value: 4.88 and parameters: {'lr': 0.0004732894860712292, 'gamma': 0.9256627497370382, 'epsilon_decay': 0.9031288954516895, 'batch_size': 84, 'buffer_capacity': 11103}. Best is trial 35 with value: 4.88.
[I 2025-01-25 23:08:23,692] Trial 36 finished with value: 1.23 and parameters: {'lr': 0.004655851440875752, 'gamma': 0.914923692623383, 'epsilon_decay': 0.9002291885608215, 'batch_size': 117, 'buffer_capacity': 11663}. Best is trial 35 with value: 4.88.
[I 2025-01-25 23:09:17,184] Trial 37 finished with value: 1.54 and parameters: {'lr': 0.001764373778356666, 'gamma': 0.9302230902149417, 'epsilon_decay': 0.9064592689037886, 'batch_size': 82, 'buffer_capacity': 12822}. Best is trial 35 with value: 4.88.
[I 2025-01-25 23:09:20,428] Trial 38 finished with value: 0.1 and parameters: {'lr': 2.6429749440441377e-05, 'gamma': 0.924734547681372, 'epsilon_decay': 0.9138039750446355, 'batch_size': 94, 'buffer_capacity': 11287}. Best is trial 35 with value: 4.88.
[I 2025-01-25 23:10:30,722] Trial 39 finished with value: 5.0 and parameters: {'lr': 0.00044664127574267317, 'gamma': 0.9059969729435619, 'epsilon_decay': 0.9033796237631456, 'batch_size': 84, 'buffer_capacity': 6233}. Best is trial 39 with value: 5.0.
[I 2025-01-25 23:11:39,031] Trial 40 finished with value: 2.63 and parameters: {'lr': 0.0012365993507892352, 'gamma': 0.9061829685856131, 'epsilon_decay': 0.9303966790757675, 'batch_size': 88, 'buffer_capacity': 5030}. Best is trial 39 with value: 5.0.
[I 2025-01-25 23:12:52,580] Trial 41 finished with value: 1.4 and parameters: {'lr': 0.0005327007040995362, 'gamma': 0.9147724146898251, 'epsilon_decay': 0.9042131991279415, 'batch_size': 82, 'buffer_capacity': 12143}. Best is trial 39 with value: 5.0.
[I 2025-01-25 23:14:18,282] Trial 42 finished with value: 2.39 and parameters: {'lr': 0.00037554519722051186, 'gamma': 0.9215452527833946, 'epsilon_decay': 0.9081649079822647, 'batch_size': 85, 'buffer_capacity': 7131}. Best is trial 39 with value: 5.0.
[I 2025-01-25 23:15:09,113] Trial 43 finished with value: 1.42 and parameters: {'lr': 0.0006608594509110216, 'gamma': 0.9109065155935853, 'epsilon_decay': 0.9166367222892549, 'batch_size': 78, 'buffer_capacity': 13737}. Best is trial 39 with value: 5.0.
[I 2025-01-25 23:15:50,180] Trial 44 finished with value: 1.98 and parameters: {'lr': 0.002616177055425784, 'gamma': 0.9388257145499006, 'epsilon_decay': 0.9112144610114771, 'batch_size': 93, 'buffer_capacity': 9607}. Best is trial 39 with value: 5.0.
[I 2025-01-25 23:16:43,443] Trial 45 finished with value: 2.35 and parameters: {'lr': 0.00018354072122080462, 'gamma': 0.9051450552013548, 'epsilon_decay': 0.9019385317455167, 'batch_size': 98, 'buffer_capacity': 6061}. Best is trial 39 with value: 5.0.
[I 2025-01-25 23:17:39,036] Trial 46 finished with value: 2.26 and parameters: {'lr': 0.0003973447797211415, 'gamma': 0.9000150602381395, 'epsilon_decay': 0.9002540252002311, 'batch_size': 78, 'buffer_capacity': 6598}. Best is trial 39 with value: 5.0.
[I 2025-01-25 23:17:42,206] Trial 47 finished with value: 0.14 and parameters: {'lr': 9.574469622278225e-05, 'gamma': 0.9333753705879034, 'epsilon_decay': 0.9248318690716432, 'batch_size': 86, 'buffer_capacity': 8459}. Best is trial 39 with value: 5.0.
[I 2025-01-25 23:18:37,752] Trial 48 finished with value: 1.62 and parameters: {'lr': 0.0010061610793966847, 'gamma': 0.9177989671587402, 'epsilon_decay': 0.9364497836091601, 'batch_size': 67, 'buffer_capacity': 12496}. Best is trial 39 with value: 5.0.
