[I 2025-01-25 23:20:07,046] Trial 49 finished with value: 5.0 and parameters: {'lr': 0.0006335633481086216, 'gamma': 0.924551718588312, 'epsilon_decay': 0.9203571960165101, 'batch_size': 112, 'buffer_capacity': 11220}. Best is trial 39 with value: 5.0.
Best hyperparameters:  {'lr': 0.00044664127574267317, 'gamma': 0.9059969729435619, 'epsilon_decay': 0.9033796237631456, 'batch_size': 84, 'buffer_capacity': 6233}


Episode 0, Total Reward: 21.0, Terminated due to: Pole angle exceeded: -0.21 radians
Episode 1, Total Reward: 12.0, Terminated due to: Pole angle exceeded: -0.23 radians
Episode 2, Total Reward: 33.0, Terminated due to: Pole angle exceeded: -0.22 radians
Episode 3, Total Reward: 13.0, Terminated due to: Pole angle exceeded: -0.24 radians
Episode 4, Total Reward: 53.0, Terminated due to: Pole angle exceeded: 0.23 radians
Episode 5, Total Reward: 19.0, Terminated due to: Pole angle exceeded: 0.22 radians
Episode 6, Total Reward: 10.0, Terminated due to: Pole angle exceeded: 0.23 radians
Episode 7, Total Reward: 11.0, Terminated due to: Pole angle exceeded: 0.24 radians
Episode 8, Total Reward: 16.0, Terminated due to: Pole angle exceeded: 0.22 radians
Episode 9, Total Reward: 9.0, Terminated due to: Pole angle exceeded: -0.22 radians
Episode 10, Total Reward: 11.0, Terminated due to: Pole angle exceeded: -0.24 radians
Episode 11, Total Reward: 10.0, Terminated due to: Pole angle exceeded: -0.21 radians
Episode 12, Total Reward: 14.0, Terminated due to: Pole angle exceeded: -0.23 radians
Episode 13, Total Reward: 9.0, Terminated due to: Pole angle exceeded: -0.24 radians
Episode 14, Total Reward: 8.0, Terminated due to: Pole angle exceeded: -0.21 radians
Episode 15, Total Reward: 27.0, Terminated due to: Pole angle exceeded: 0.21 radians
Episode 16, Total Reward: 18.0, Terminated due to: Pole angle exceeded: 0.22 radians
Episode 17, Total Reward: 14.0, Terminated due to: Pole angle exceeded: 0.23 radians
Episode 18, Total Reward: 11.0, Terminated due to: Pole angle exceeded: 0.22 radians
Episode 19, Total Reward: 17.0, Terminated due to: Pole angle exceeded: 0.21 radians
Episode 20, Total Reward: 17.0, Terminated due to: Pole angle exceeded: 0.21 radians
Episode 21, Total Reward: 14.0, Terminated due to: Pole angle exceeded: 0.21 radians
Episode 22, Total Reward: 38.0, Terminated due to: Pole angle exceeded: 0.22 radians
Episode 23, Total Reward: 75.0, Terminated due to: Pole angle exceeded: -0.25 radians
Episode 24, Total Reward: 77.0, Terminated due to: Pole angle exceeded: -0.25 radians
Episode 25, Total Reward: 99.0, Terminated due to: Pole angle exceeded: 0.21 radians
Episode 26, Total Reward: 195.0, Terminated due to: Pole angle exceeded: 0.21 radians
Episode 27, Total Reward: 195.0, Terminated due to: Cart moved out of bounds: 2.41m
Episode 28, Total Reward: 325.0, Terminated due to: Cart moved out of bounds: 2.41m
Episode 29, Total Reward: 217.0, Terminated due to: Cart moved out of bounds: 2.42m
Episode 30, Total Reward: 226.0, Terminated due to: Cart moved out of bounds: 2.41m
Episode 31, Total Reward: 269.0, Terminated due to: Cart moved out of bounds: 2.40m
Episode 32, Total Reward: 233.0, Terminated due to: Cart moved out of bounds: 2.41m
Episode 33, Total Reward: 259.0, Terminated due to: Cart moved out of bounds: 2.41m
Episode 34, Total Reward: 195.0, Terminated due to: Cart moved out of bounds: 2.40m
Episode 35, Total Reward: 238.0, Terminated due to: Cart moved out of bounds: 2.40m
Episode 36, Total Reward: 300.0, Terminated due to: Cart moved out of bounds: 2.42m
Episode 37, Total Reward: 221.0, Terminated due to: Cart moved out of bounds: 2.40m
Episode 38, Total Reward: 269.0, Terminated due to: Cart moved out of bounds: 2.41m
Episode 39, Total Reward: 291.0, Terminated due to: Cart moved out of bounds: 2.42m
Episode 40, Total Reward: 313.0, Terminated due to: Cart moved out of bounds: 2.41m
Episode 41, Total Reward: 476.0, Terminated due to: Cart moved out of bounds: 2.40m
Episode 42, Total Reward: 296.0, Terminated due to: Cart moved out of bounds: 2.41m
Episode 43, Total Reward: 468.0, Terminated due to: Cart moved out of bounds: 2.41m
Episode 44, Total Reward: 305.0, Terminated due to: Cart moved out of bounds: 2.40m
Episode 45, Total Reward: 307.0, Terminated due to: Cart moved out of bounds: 2.40m
Episode 46, Total Reward: 251.0, Terminated due to: Cart moved out of bounds: 2.42m
Episode 47, Total Reward: 312.0, Terminated due to: Cart moved out of bounds: 2.42m
Episode 48, Total Reward: 268.0, Terminated due to: Cart moved out of bounds: 2.42m
Episode 49, Total Reward: 433.0, Terminated due to: Cart moved out of bounds: 2.41m
Episode 50, Total Reward: 465.0, Terminated due to: Cart moved out of bounds: 2.40m
Episode 51, Total Reward: 378.0, Terminated due to: Cart moved out of bounds: 2.41m
Episode 52, Total Reward: 500.0, Episode completed successfully
Episode 53, Total Reward: 399.0, Terminated due to: Cart moved out of bounds: -2.43m
Episode 54, Total Reward: 454.0, Terminated due to: Cart moved out of bounds: 2.40m
Episode 55, Total Reward: 209.0, Terminated due to: Pole angle exceeded: 0.22 radians
Episode 56, Total Reward: 372.0, Terminated due to: Cart moved out of bounds: 2.40m
Episode 57, Total Reward: 317.0, Terminated due to: Pole angle exceeded: 0.27 radians
Episode 58, Total Reward: 450.0, Terminated due to: Cart moved out of bounds: -2.44m
Episode 59, Total Reward: 349.0, Terminated due to: Cart moved out of bounds: -2.40m
Episode 60, Total Reward: 211.0, Terminated due to: Cart moved out of bounds: -2.41m
Episode 61, Total Reward: 265.0, Terminated due to: Cart moved out of bounds: -2.41m
Episode 62, Total Reward: 308.0, Terminated due to: Cart moved out of bounds: -2.41m
Episode 63, Total Reward: 239.0, Terminated due to: Cart moved out of bounds: -2.43m
Episode 64, Total Reward: 500.0, Episode completed successfully
Episode 65, Total Reward: 321.0, Terminated due to: Cart moved out of bounds: -2.41m
Episode 66, Total Reward: 295.0, Terminated due to: Cart moved out of bounds: 2.40m
Episode 67, Total Reward: 294.0, Terminated due to: Cart moved out of bounds: -2.40m
Episode 68, Total Reward: 310.0, Terminated due to: Cart moved out of bounds: 2.41m
Episode 69, Total Reward: 261.0, Terminated due to: Cart moved out of bounds: 2.41m
Episode 70, Total Reward: 332.0, Terminated due to: Cart moved out of bounds: 2.40m
Episode 71, Total Reward: 211.0, Terminated due to: Cart moved out of bounds: 2.42m
Episode 72, Total Reward: 256.0, Terminated due to: Cart moved out of bounds: 2.41m
Episode 73, Total Reward: 297.0, Terminated due to: Cart moved out of bounds: 2.42m
Episode 74, Total Reward: 265.0, Terminated due to: Cart moved out of bounds: 2.41m
Episode 75, Total Reward: 284.0, Terminated due to: Cart moved out of bounds: 2.40m
Episode 76, Total Reward: 228.0, Terminated due to: Cart moved out of bounds: 2.41m
Episode 77, Total Reward: 185.0, Terminated due to: Cart moved out of bounds: 2.40m
Episode 78, Total Reward: 199.0, Terminated due to: Cart moved out of bounds: 2.43m
Episode 79, Total Reward: 138.0, Terminated due to: Cart moved out of bounds: 2.42m
Episode 80, Total Reward: 169.0, Terminated due to: Cart moved out of bounds: 2.41m
Episode 81, Total Reward: 146.0, Terminated due to: Cart moved out of bounds: 2.41m
Episode 82, Total Reward: 132.0, Terminated due to: Cart moved out of bounds: 2.41m
Episode 83, Total Reward: 127.0, Terminated due to: Cart moved out of bounds: 2.40m
Episode 84, Total Reward: 161.0, Terminated due to: Cart moved out of bounds: 2.44m
Episode 85, Total Reward: 141.0, Terminated due to: Cart moved out of bounds: 2.40m
Episode 86, Total Reward: 199.0, Terminated due to: Cart moved out of bounds: 2.43m
Episode 87, Total Reward: 213.0, Terminated due to: Cart moved out of bounds: 2.41m
Episode 88, Total Reward: 185.0, Terminated due to: Cart moved out of bounds: 2.42m
Episode 89, Total Reward: 237.0, Terminated due to: Cart moved out of bounds: 2.42m
Episode 90, Total Reward: 134.0, Terminated due to: Cart moved out of bounds: 2.42m
Episode 91, Total Reward: 278.0, Terminated due to: Cart moved out of bounds: 2.42m
Episode 92, Total Reward: 172.0, Terminated due to: Cart moved out of bounds: 2.42m
Episode 93, Total Reward: 199.0, Terminated due to: Cart moved out of bounds: 2.43m
Episode 94, Total Reward: 191.0, Terminated due to: Cart moved out of bounds: 2.42m
Episode 95, Total Reward: 258.0, Terminated due to: Cart moved out of bounds: 2.41m
Episode 96, Total Reward: 256.0, Terminated due to: Cart moved out of bounds: 2.42m
Episode 97, Total Reward: 165.0, Terminated due to: Cart moved out of bounds: 2.42m
Episode 98, Total Reward: 142.0, Terminated due to: Cart moved out of bounds: 2.41m
Episode 99, Total Reward: 163.0, Terminated due to: Cart moved out of bounds: 2.40m
Episode 100, Total Reward: 128.0, Terminated due to: Cart moved out of bounds: 2.43m
Episode 101, Total Reward: 176.0, Terminated due to: Cart moved out of bounds: 2.40m
Episode 102, Total Reward: 170.0, Terminated due to: Cart moved out of bounds: 2.41m
Episode 103, Total Reward: 153.0, Terminated due to: Cart moved out of bounds: 2.43m
Episode 104, Total Reward: 151.0, Terminated due to: Cart moved out of bounds: 2.40m
Episode 105, Total Reward: 136.0, Terminated due to: Cart moved out of bounds: 2.40m
Episode 106, Total Reward: 209.0, Terminated due to: Cart moved out of bounds: 2.43m
Episode 107, Total Reward: 167.0, Terminated due to: Cart moved out of bounds: 2.40m
Episode 108, Total Reward: 118.0, Terminated due to: Cart moved out of bounds: 2.41m
Episode 109, Total Reward: 133.0, Terminated due to: Cart moved out of bounds: 2.40m
Episode 110, Total Reward: 176.0, Terminated due to: Cart moved out of bounds: 2.43m
Episode 111, Total Reward: 156.0, Terminated due to: Cart moved out of bounds: 2.42m
Episode 112, Total Reward: 147.0, Terminated due to: Cart moved out of bounds: 2.40m
Episode 113, Total Reward: 203.0, Terminated due to: Cart moved out of bounds: 2.41m
Episode 114, Total Reward: 168.0, Terminated due to: Cart moved out of bounds: 2.42m
Episode 115, Total Reward: 295.0, Terminated due to: Cart moved out of bounds: 2.42m
Episode 116, Total Reward: 226.0, Terminated due to: Cart moved out of bounds: 2.41m
Episode 117, Total Reward: 238.0, Terminated due to: Cart moved out of bounds: 2.41m
Episode 118, Total Reward: 214.0, Terminated due to: Cart moved out of bounds: 2.43m
Episode 119, Total Reward: 171.0, Terminated due to: Cart moved out of bounds: 2.42m
Episode 120, Total Reward: 150.0, Terminated due to: Cart moved out of bounds: 2.44m
Episode 121, Total Reward: 244.0, Terminated due to: Cart moved out of bounds: 2.41m
Episode 122, Total Reward: 297.0, Terminated due to: Cart moved out of bounds: 2.41m
Episode 123, Total Reward: 140.0, Terminated due to: Cart moved out of bounds: 2.43m
Episode 124, Total Reward: 148.0, Terminated due to: Cart moved out of bounds: 2.44m
Episode 125, Total Reward: 156.0, Terminated due to: Cart moved out of bounds: 2.40m
Episode 126, Total Reward: 188.0, Terminated due to: Cart moved out of bounds: 2.42m
Episode 127, Total Reward: 184.0, Terminated due to: Cart moved out of bounds: 2.41m
Episode 128, Total Reward: 174.0, Terminated due to: Cart moved out of bounds: 2.41m
Episode 129, Total Reward: 210.0, Terminated due to: Cart moved out of bounds: 2.42m
Episode 130, Total Reward: 137.0, Terminated due to: Cart moved out of bounds: 2.41m
Episode 131, Total Reward: 174.0, Terminated due to: Cart moved out of bounds: 2.40m
Episode 132, Total Reward: 161.0, Terminated due to: Cart moved out of bounds: 2.43m
Episode 133, Total Reward: 136.0, Terminated due to: Cart moved out of bounds: 2.41m
Episode 134, Total Reward: 143.0, Terminated due to: Cart moved out of bounds: 2.43m
Episode 135, Total Reward: 146.0, Terminated due to: Cart moved out of bounds: 2.42m
Episode 136, Total Reward: 500.0, Episode completed successfully
Episode 137, Total Reward: 441.0, Terminated due to: Pole angle exceeded: -0.21 radians
Episode 138, Total Reward: 243.0, Terminated due to: Cart moved out of bounds: 2.41m
Episode 139, Total Reward: 303.0, Terminated due to: Cart moved out of bounds: 2.40m
Episode 140, Total Reward: 343.0, Terminated due to: Cart moved out of bounds: 2.41m
Episode 141, Total Reward: 456.0, Terminated due to: Cart moved out of bounds: 2.41m
Episode 142, Total Reward: 152.0, Terminated due to: Cart moved out of bounds: 2.45m
Episode 143, Total Reward: 376.0, Terminated due to: Cart moved out of bounds: 2.41m
Episode 144, Total Reward: 168.0, Terminated due to: Cart moved out of bounds: 2.41m
Episode 145, Total Reward: 482.0, Terminated due to: Cart moved out of bounds: 2.40m
Episode 146, Total Reward: 139.0, Terminated due to: Cart moved out of bounds: 2.43m
Episode 147, Total Reward: 111.0, Terminated due to: Cart moved out of bounds: 2.41m
Episode 148, Total Reward: 111.0, Terminated due to: Cart moved out of bounds: 2.41m
Episode 149, Total Reward: 118.0, Terminated due to: Cart moved out of bounds: 2.40m
Episode 150, Total Reward: 142.0, Terminated due to: Cart moved out of bounds: 2.40m
Episode 151, Total Reward: 460.0, Terminated due to: Cart moved out of bounds: 2.41m
Episode 152, Total Reward: 166.0, Terminated due to: Cart moved out of bounds: 2.41m
Episode 153, Total Reward: 125.0, Terminated due to: Cart moved out of bounds: 2.43m
Episode 154, Total Reward: 130.0, Terminated due to: Cart moved out of bounds: 2.42m
Episode 155, Total Reward: 115.0, Terminated due to: Cart moved out of bounds: 2.42m
Episode 156, Total Reward: 120.0, Terminated due to: Cart moved out of bounds: 2.40m
Episode 157, Total Reward: 221.0, Terminated due to: Pole angle exceeded: 0.22 radians
Episode 158, Total Reward: 86.0, Terminated due to: Pole angle exceeded: 0.22 radians
Episode 159, Total Reward: 110.0, Terminated due to: Pole angle exceeded: 0.22 radians
Episode 160, Total Reward: 147.0, Terminated due to: Pole angle exceeded: 0.23 radians
Episode 161, Total Reward: 131.0, Terminated due to: Pole angle exceeded: -0.22 radians
Episode 162, Total Reward: 55.0, Terminated due to: Pole angle exceeded: 0.22 radians
Episode 163, Total Reward: 60.0, Terminated due to: Pole angle exceeded: -0.21 radians
Episode 164, Total Reward: 51.0, Terminated due to: Pole angle exceeded: 0.21 radians
Episode 165, Total Reward: 145.0, Terminated due to: Pole angle exceeded: -0.22 radians
Episode 166, Total Reward: 132.0, Terminated due to: Pole angle exceeded: -0.21 radians
Episode 167, Total Reward: 27.0, Terminated due to: Pole angle exceeded: 0.21 radians
Episode 168, Total Reward: 46.0, Terminated due to: Pole angle exceeded: -0.23 radians
Episode 169, Total Reward: 46.0, Terminated due to: Pole angle exceeded: 0.22 radians
Episode 170, Total Reward: 93.0, Terminated due to: Pole angle exceeded: -0.21 radians
Episode 171, Total Reward: 117.0, Terminated due to: Pole angle exceeded: -0.21 radians
Episode 172, Total Reward: 15.0, Terminated due to: Pole angle exceeded: -0.22 radians
Episode 173, Total Reward: 234.0, Terminated due to: Pole angle exceeded: 0.21 radians
Episode 174, Total Reward: 38.0, Terminated due to: Pole angle exceeded: 0.21 radians
Episode 175, Total Reward: 164.0, Terminated due to: Pole angle exceeded: 0.21 radians
Episode 176, Total Reward: 213.0, Terminated due to: Cart moved out of bounds: 2.40m
Episode 177, Total Reward: 155.0, Terminated due to: Cart moved out of bounds: 2.42m
Episode 178, Total Reward: 173.0, Terminated due to: Cart moved out of bounds: 2.41m
Episode 179, Total Reward: 138.0, Terminated due to: Cart moved out of bounds: 2.40m
Episode 180, Total Reward: 122.0, Terminated due to: Cart moved out of bounds: 2.40m
Episode 181, Total Reward: 183.0, Terminated due to: Cart moved out of bounds: 2.42m
Episode 182, Total Reward: 500.0, Episode completed successfully
Episode 183, Total Reward: 162.0, Terminated due to: Cart moved out of bounds: 2.41m
Episode 184, Total Reward: 135.0, Terminated due to: Cart moved out of bounds: 2.43m
Episode 185, Total Reward: 165.0, Terminated due to: Cart moved out of bounds: 2.41m
Episode 186, Total Reward: 134.0, Terminated due to: Cart moved out of bounds: 2.41m
Episode 187, Total Reward: 125.0, Terminated due to: Cart moved out of bounds: 2.43m
Episode 188, Total Reward: 112.0, Terminated due to: Cart moved out of bounds: 2.43m
Episode 189, Total Reward: 119.0, Terminated due to: Cart moved out of bounds: 2.42m
Episode 190, Total Reward: 129.0, Terminated due to: Cart moved out of bounds: 2.42m
Episode 191, Total Reward: 152.0, Terminated due to: Cart moved out of bounds: 2.42m
Episode 192, Total Reward: 175.0, Terminated due to: Cart moved out of bounds: 2.42m
Episode 193, Total Reward: 500.0, Episode completed successfully
Episode 194, Total Reward: 243.0, Terminated due to: Cart moved out of bounds: 2.40m
Episode 195, Total Reward: 500.0, Episode completed successfully
Episode 196, Total Reward: 500.0, Episode completed successfully
Episode 197, Total Reward: 478.0, Terminated due to: Pole angle exceeded: -0.22 radians
Episode 198, Total Reward: 479.0, Terminated due to: Cart moved out of bounds: -2.43m
Episode 199, Total Reward: 492.0, Terminated due to: Cart moved out of bounds: -2.42m
Episode 200, Total Reward: 228.0, Terminated due to: Cart moved out of bounds: 2.41m
Episode 201, Total Reward: 421.0, Terminated due to: Cart moved out of bounds: -2.41m
Episode 202, Total Reward: 151.0, Terminated due to: Cart moved out of bounds: 2.43m
Episode 203, Total Reward: 146.0, Terminated due to: Cart moved out of bounds: 2.41m
Episode 204, Total Reward: 142.0, Terminated due to: Cart moved out of bounds: 2.43m
Episode 205, Total Reward: 159.0, Terminated due to: Cart moved out of bounds: 2.41m
Episode 206, Total Reward: 142.0, Terminated due to: Cart moved out of bounds: 2.43m
Episode 207, Total Reward: 237.0, Terminated due to: Cart moved out of bounds: 2.40m
Episode 208, Total Reward: 262.0, Terminated due to: Cart moved out of bounds: 2.42m
Episode 209, Total Reward: 208.0, Terminated due to: Cart moved out of bounds: 2.40m
Episode 210, Total Reward: 233.0, Terminated due to: Cart moved out of bounds: 2.41m
Episode 211, Total Reward: 277.0, Terminated due to: Cart moved out of bounds: 2.41m
Episode 212, Total Reward: 301.0, Terminated due to: Cart moved out of bounds: 2.41m
Episode 213, Total Reward: 483.0, Terminated due to: Cart moved out of bounds: -2.43m
Episode 214, Total Reward: 467.0, Terminated due to: Cart moved out of bounds: -2.43m
Episode 215, Total Reward: 159.0, Terminated due to: Pole angle exceeded: 0.22 radians
Episode 216, Total Reward: 270.0, Terminated due to: Pole angle exceeded: 0.21 radians
Episode 217, Total Reward: 482.0, Terminated due to: Cart moved out of bounds: -2.42m
Episode 218, Total Reward: 245.0, Terminated due to: Cart moved out of bounds: -2.44m
Episode 219, Total Reward: 500.0, Episode completed successfully
Episode 220, Total Reward: 428.0, Terminated due to: Pole angle exceeded: 0.23 radians
Episode 221, Total Reward: 500.0, Episode completed successfully
Episode 222, Total Reward: 180.0, Terminated due to: Cart moved out of bounds: -2.41m
Episode 223, Total Reward: 224.0, Terminated due to: Cart moved out of bounds: -2.42m
Episode 224, Total Reward: 205.0, Terminated due to: Cart moved out of bounds: -2.41m
Episode 225, Total Reward: 189.0, Terminated due to: Cart moved out of bounds: -2.42m
Episode 226, Total Reward: 261.0, Terminated due to: Cart moved out of bounds: 2.42m
Episode 227, Total Reward: 219.0, Terminated due to: Cart moved out of bounds: -2.42m
Episode 228, Total Reward: 172.0, Terminated due to: Cart moved out of bounds: 2.41m
Episode 229, Total Reward: 143.0, Terminated due to: Cart moved out of bounds: 2.40m
Episode 230, Total Reward: 229.0, Terminated due to: Cart moved out of bounds: -2.43m
Episode 231, Total Reward: 245.0, Terminated due to: Cart moved out of bounds: 2.42m
Episode 232, Total Reward: 228.0, Terminated due to: Cart moved out of bounds: 2.41m
Episode 233, Total Reward: 157.0, Terminated due to: Cart moved out of bounds: -2.42m
Episode 234, Total Reward: 208.0, Terminated due to: Cart moved out of bounds: -2.41m
Episode 235, Total Reward: 276.0, Terminated due to: Cart moved out of bounds: -2.40m
Episode 236, Total Reward: 207.0, Terminated due to: Pole angle exceeded: 0.21 radians
Episode 237, Total Reward: 203.0, Terminated due to: Pole angle exceeded: 0.22 radians
Episode 238, Total Reward: 94.0, Terminated due to: Pole angle exceeded: 0.21 radians
Episode 239, Total Reward: 78.0, Terminated due to: Pole angle exceeded: 0.22 radians
Episode 240, Total Reward: 315.0, Terminated due to: Cart moved out of bounds: -2.40m
Episode 241, Total Reward: 169.0, Terminated due to: Cart moved out of bounds: -2.42m
Episode 242, Total Reward: 210.0, Terminated due to: Cart moved out of bounds: -2.41m
Episode 243, Total Reward: 164.0, Terminated due to: Cart moved out of bounds: -2.44m
Episode 244, Total Reward: 133.0, Terminated due to: Cart moved out of bounds: -2.40m
Episode 245, Total Reward: 148.0, Terminated due to: Cart moved out of bounds: -2.44m
Episode 246, Total Reward: 155.0, Terminated due to: Cart moved out of bounds: -2.42m
Episode 247, Total Reward: 175.0, Terminated due to: Cart moved out of bounds: -2.41m
Episode 248, Total Reward: 156.0, Terminated due to: Cart moved out of bounds: -2.42m
Episode 249, Total Reward: 178.0, Terminated due to: Cart moved out of bounds: -2.43m
Episode 250, Total Reward: 175.0, Terminated due to: Cart moved out of bounds: -2.42m
Episode 251, Total Reward: 223.0, Terminated due to: Cart moved out of bounds: -2.40m
Episode 252, Total Reward: 220.0, Terminated due to: Cart moved out of bounds: -2.40m
Episode 253, Total Reward: 180.0, Terminated due to: Cart moved out of bounds: -2.41m
Episode 254, Total Reward: 148.0, Terminated due to: Cart moved out of bounds: -2.44m
Episode 255, Total Reward: 148.0, Terminated due to: Cart move